#
# A fatal error has been detected by the Java Runtime Environment:
#
#  EXCEPTION_ACCESS_VIOLATION (0xc0000005) at pc=0x00000000598228c6, pid=15228, tid=14856
#
# JRE version: Java(TM) SE Runtime Environment (7.0_45-b18) (build 1.7.0_45-b18)
# Java VM: Java HotSpot(TM) 64-Bit Server VM (24.45-b08 mixed mode windows-amd64 compressed oops)
# Problematic frame:
# V  [jvm.dll+0x828c6]
#
# Failed to write core dump. Minidumps are not enabled by default on client versions of Windows
#
# If you would like to submit a bug report, please visit:
#   http://bugreport.sun.com/bugreport/crash.jsp
#

---------------  T H R E A D  ---------------

Current thread (0x000000000ab3a000):  JavaThread "C2 CompilerThread1" daemon [_thread_in_native, id=14856, stack(0x000000000bd20000,0x000000000be20000)]

siginfo: ExceptionCode=0xc0000005, reading address 0x0000000000000000

Registers:
RAX=0x000000000ab6e3b0, RBX=0x0000000000000000, RCX=0x0000000000000000, RDX=0x0000000000000000
RSP=0x000000000be1be50, RBP=0x0000000000000001, RSI=0x0000000000000000, RDI=0x0000000000000000
R8 =0x000000000004002c, R9 =0x000000000be1c360, R10=0x000000000c5d2ce8, R11=0x0000000000000000
R12=0x0000000000000008, R13=0x000000000be1e660, R14=0x000000000ab47780, R15=0x000000000ab47850
RIP=0x00000000598228c6, EFLAGS=0x0000000000010206

Top of Stack: (sp=0x000000000be1be50)
0x000000000be1be50:   00000000ffffffff 000000005986719b
0x000000000be1be60:   0000000000000000 0000000059c841c4
0x000000000be1be70:   0000000000000000 0000000059822b85
0x000000000be1be80:   000000000c5d25d8 000000005986719b
0x000000000be1be90:   0000000000000016 0000000000000003
0x000000000be1bea0:   0000000000000000 00000000598188c5
0x000000000be1beb0:   000000000c6124e0 0000000059c21b49
0x000000000be1bec0:   000000000ab47800 0000000000040024
0x000000000be1bed0:   0000000000040029 0000000059819c92
0x000000000be1bee0:   000000000ab47800 000000000ab2e3b0
0x000000000be1bef0:   000000000ab2e380 00000000598192b7
0x000000000be1bf00:   0000000000000002 0000000059819e19
0x000000000be1bf10:   000000000c5ce9f0 000000000be1e660
0x000000000be1bf20:   0000000000000000 0000000000040024
0x000000000be1bf30:   0000000000000000 0000000059c222a4
0x000000000be1bf40:   000000000be1e660 0000000000000002 

Instructions: (pc=0x00000000598228c6)
0x00000000598228a6:   c3 48 8b 09 48 63 d2 48 8b 41 18 48 8b 44 d0 f8
0x00000000598228b6:   c3 cc cc cc cc cc cc cc cc cc 40 56 48 83 ec 20
0x00000000598228c6:   48 83 39 00 48 8b f1 0f 85 90 02 00 00 48 8b 51
0x00000000598228d6:   18 48 89 5c 24 30 48 89 7c 24 40 b9 20 00 00 00 


Register to memory mapping:

RAX=0x000000000ab6e3b0 is an unknown value
RBX=0x0000000000000000 is an unknown value
RCX=0x0000000000000000 is an unknown value
RDX=0x0000000000000000 is an unknown value
RSP=0x000000000be1be50 is pointing into the stack for thread: 0x000000000ab3a000
RBP=0x0000000000000001 is an unknown value
RSI=0x0000000000000000 is an unknown value
RDI=0x0000000000000000 is an unknown value
R8 =0x000000000004002c is an unknown value
R9 =0x000000000be1c360 is pointing into the stack for thread: 0x000000000ab3a000
R10=0x000000000c5d2ce8 is an unknown value
R11=0x0000000000000000 is an unknown value
R12=0x0000000000000008 is an unknown value
R13=0x000000000be1e660 is pointing into the stack for thread: 0x000000000ab3a000
R14=0x000000000ab47780 is an unknown value
R15=0x000000000ab47850 is an unknown value


Stack: [0x000000000bd20000,0x000000000be20000],  sp=0x000000000be1be50,  free space=1007k
Native frames: (J=compiled Java code, j=interpreted, Vv=VM code, C=native code)
V  [jvm.dll+0x828c6]


Current CompileTask:
C2:     56    3             java.lang.String::charAt (29 bytes)


---------------  P R O C E S S  ---------------

Java Threads: ( => current thread )
  0x000000000ab43000 JavaThread "Service Thread" daemon [_thread_blocked, id=14068, stack(0x000000000c300000,0x000000000c400000)]
=>0x000000000ab3a000 JavaThread "C2 CompilerThread1" daemon [_thread_in_native, id=14856, stack(0x000000000bd20000,0x000000000be20000)]
  0x000000000ab34000 JavaThread "C2 CompilerThread0" daemon [_thread_in_native, id=13708, stack(0x000000000c170000,0x000000000c270000)]
  0x000000000ab32800 JavaThread "Attach Listener" daemon [_thread_blocked, id=13128, stack(0x000000000c020000,0x000000000c120000)]
  0x000000000ab2b800 JavaThread "Signal Dispatcher" daemon [_thread_blocked, id=13688, stack(0x000000000bed0000,0x000000000bfd0000)]
  0x000000000aad6000 JavaThread "Finalizer" daemon [_thread_blocked, id=13580, stack(0x000000000bbe0000,0x000000000bce0000)]
  0x000000000aacd000 JavaThread "Reference Handler" daemon [_thread_blocked, id=14740, stack(0x000000000b920000,0x000000000ba20000)]
  0x000000000213f000 JavaThread "main" [_thread_in_Java, id=14804, stack(0x00000000024a0000,0x00000000025a0000)]

Other Threads:
  0x000000000aac9800 VMThread [stack: 0x000000000baa0000,0x000000000bba0000] [id=10264]
  0x000000000ab4c800 WatcherThread [stack: 0x000000000c490000,0x000000000c590000] [id=12980]

VM state:not at safepoint (normal execution)

VM Mutex/Monitor currently owned by a thread: None

Heap
 PSYoungGen      total 38400K, used 1331K [0x00000007d5880000, 0x00000007d8300000, 0x0000000800000000)
  eden space 33280K, 4% used [0x00000007d5880000,0x00000007d59ccdd0,0x00000007d7900000)
  from space 5120K, 0% used [0x00000007d7e00000,0x00000007d7e00000,0x00000007d8300000)
  to   space 5120K, 0% used [0x00000007d7900000,0x00000007d7900000,0x00000007d7e00000)
 ParOldGen       total 86528K, used 0K [0x0000000780a00000, 0x0000000785e80000, 0x00000007d5880000)
  object space 86528K, 0% used [0x0000000780a00000,0x0000000780a00000,0x0000000785e80000)
 PSPermGen       total 21504K, used 2457K [0x000000077b800000, 0x000000077cd00000, 0x0000000780a00000)
  object space 21504K, 11% used [0x000000077b800000,0x000000077ba66428,0x000000077cd00000)

Card table byte_map: [0x00000000055a0000,0x00000000059d0000] byte_map_base: 0x00000000019c4000

Polling page: 0x0000000000130000

Code Cache  [0x00000000025a0000, 0x0000000002810000, 0x00000000055a0000)
 total_blobs=188 nmethods=4 adapters=135 free_code_cache=48753Kb largest_free_block=49908032

Compilation events (5 events):
Event: 0.037 Thread 0x000000000ab34000    1             java.lang.String::hashCode (55 bytes)
Event: 0.037 Thread 0x000000000ab3a000    2             java.lang.String::indexOf (70 bytes)
Event: 0.041 Thread 0x000000000ab3a000 nmethod 2 0x00000000026028d0 code [0x0000000002602a20, 0x0000000002602bc8]
Event: 0.041 Thread 0x000000000ab34000 nmethod 1 0x0000000002602590 code [0x00000000026026c0, 0x0000000002602838]
Event: 0.043 Thread 0x000000000ab3a000    3             java.lang.String::charAt (29 bytes)

GC Heap History (0 events):
No events

Deoptimization events (0 events):
No events

Internal exceptions (2 events):
Event: 0.016 Thread 0x000000000213f000 Threw 0x00000007d588cba0 at C:\re\jdk7u45\229\hotspot\src\share\vm\prims\jni.cpp:3991
Event: 0.038 Thread 0x000000000213f000 Threw 0x00000007d58e1280 at C:\re\jdk7u45\229\hotspot\src\share\vm\prims\jvm.cpp:1244

Events (10 events):
Event: 0.043 loading class 0x00000000022186d0 done
Event: 0.043 loading class 0x0000000002212e00 done
Event: 0.045 loading class 0x000000000220eed0
Event: 0.045 loading class 0x000000000220eed0 done
Event: 0.049 loading class 0x000000000220ed80
Event: 0.049 loading class 0x0000000002218a60
Event: 0.049 loading class 0x0000000002218a60 done
Event: 0.049 loading class 0x000000000220ed80 done
Event: 0.049 loading class 0x0000000002218b30
Event: 0.049 loading class 0x0000000002218b30 done


Dynamic libraries:
0x000000013feb0000 - 0x000000013fee3000 	C:\Program Files\Java\jdk1.7.0_45\bin\java.exe
0x00000000777d0000 - 0x0000000077979000 	C:\Windows\SYSTEM32\ntdll.dll
0x0000000077250000 - 0x000000007736f000 	C:\Windows\system32\kernel32.dll
0x000007fefdce0000 - 0x000007fefdd4b000 	C:\Windows\system32\KERNELBASE.dll
0x000007feff7a0000 - 0x000007feff87b000 	C:\Windows\system32\ADVAPI32.dll
0x000007feff650000 - 0x000007feff6ef000 	C:\Windows\system32\msvcrt.dll
0x000007fefee60000 - 0x000007fefee7f000 	C:\Windows\SYSTEM32\sechost.dll
0x000007feff980000 - 0x000007feffaad000 	C:\Windows\system32\RPCRT4.dll
0x00000000776d0000 - 0x00000000777ca000 	C:\Windows\system32\USER32.dll
0x000007feff370000 - 0x000007feff3d7000 	C:\Windows\system32\GDI32.dll
0x000007feff920000 - 0x000007feff92e000 	C:\Windows\system32\LPK.dll
0x000007fefe000000 - 0x000007fefe0c9000 	C:\Windows\system32\USP10.dll
0x000007fefbe50000 - 0x000007fefc044000 	C:\Windows\WinSxS\amd64_microsoft.windows.common-controls_6595b64144ccf1df_6.0.7601.17514_none_fa396087175ac9ac\COMCTL32.dll
0x000007feff1c0000 - 0x000007feff231000 	C:\Windows\system32\SHLWAPI.dll
0x000007feffab0000 - 0x000007feffade000 	C:\Windows\system32\IMM32.DLL
0x000007feff260000 - 0x000007feff369000 	C:\Windows\system32\MSCTF.dll
0x000000005d510000 - 0x000000005d5e2000 	C:\Program Files\Java\jdk1.7.0_45\jre\bin\msvcr100.dll
0x00000000597a0000 - 0x0000000059f69000 	C:\Program Files\Java\jdk1.7.0_45\jre\bin\server\jvm.dll
0x000007feee4b0000 - 0x000007feee4b9000 	C:\Windows\system32\WSOCK32.dll
0x000007feff930000 - 0x000007feff97d000 	C:\Windows\system32\WS2_32.dll
0x000007feff790000 - 0x000007feff798000 	C:\Windows\system32\NSI.dll
0x000007fef7940000 - 0x000007fef797b000 	C:\Windows\system32\WINMM.dll
0x00000000779a0000 - 0x00000000779a7000 	C:\Windows\system32\PSAPI.DLL
0x0000000074650000 - 0x000000007465f000 	C:\Program Files\Java\jdk1.7.0_45\jre\bin\verify.dll
0x000000006ebe0000 - 0x000000006ec08000 	C:\Program Files\Java\jdk1.7.0_45\jre\bin\java.dll
0x000000005de60000 - 0x000000005de75000 	C:\Program Files\Java\jdk1.7.0_45\jre\bin\zip.dll
0x000007fef9790000 - 0x000007fef98b5000 	C:\Windows\system32\dbghelp.dll

VM Arguments:
jvm_args: -Didea.launcher.port=7564 -Didea.launcher.bin.path=C:\Program Files (x86)\JetBrains\IntelliJ IDEA 12.1.6\bin -Dfile.encoding=UTF-8 
java_command: com.intellij.rt.execution.application.AppMain com.me.battleship.Main
Launcher Type: SUN_STANDARD

Environment Variables:
JAVA_HOME=C:\Program Files\Java\jdk1.7.0_45
CLASSPATH=.;C:\Program Files (x86)\QuickTime\QTSystem\QTJava.zip
PATH=C:\Program Files (x86)\JetBrains\IntelliJ IDEA 12.1.6\bin\..\.\bin;C:\Program Files (x86)\JetBrains\IntelliJ IDEA 12.1.6\bin\..\.\bin;C:\Program Files (x86)\JetBrains\IntelliJ IDEA 12.1.6\bin\..\.\bin;C:\Program Files (x86)\AMD APP\bin\x86_64;C:\Program Files (x86)\AMD APP\bin\x86;C:\Program Files (x86)\Intel\iCLS Client\;C:\Program Files\Intel\iCLS Client\;C:\Windows\system32;C:\Windows;C:\Windows\System32\Wbem;C:\Windows\System32\WindowsPowerShell\v1.0\;C:\Program Files\Intel\Intel(R) Management Engine Components\DAL;C:\Program Files\Intel\Intel(R) Management Engine Components\IPT;C:\Program Files (x86)\Intel\Intel(R) Management Engine Components\DAL;C:\Program Files (x86)\Intel\Intel(R) Management Engine Components\IPT;C:\Program Files (x86)\ATI Technologies\ATI.ACE\Core-Static;C:\Program Files (x86)\QuickTime\QTSystem\;C:\Program Files (x86)\Windows Kits\8.0\Windows Performance Toolkit\;C:\Program Files\Microsoft SQL Server\110\Tools\Binn\;D:\Git\cmd;D:\AMDCatalyst\ATI.ACE\Core-Static;c:\program files (x86)\jetbrains\intellij idea 12.1.6\jre\jre\bin;c:\program files (x86)\jetbrains\intellij idea 12.1.6\jre\jre\bin;c:\program files (x86)\jetbrains\intellij idea 12.1.6\jre\jre\bin
USERNAME=Huyson
OS=Windows_NT
PROCESSOR_IDENTIFIER=Intel64 Family 6 Model 58 Stepping 9, GenuineIntel



---------------  S Y S T E M  ---------------

OS: Windows 7 , 64 bit Build 7601 Service Pack 1

CPU:total 4 (4 cores per cpu, 1 threads per core) family 6 model 58 stepping 9, cmov, cx8, fxsr, mmx, sse, sse2, sse3, ssse3, sse4.1, sse4.2, popcnt, avx, aes, erms, tsc, tscinvbit, tscinv

Memory: 4k page, physical 8340896k(2819036k free), swap 16679932k(9581496k free)

vm_info: Java HotSpot(TM) 64-Bit Server VM (24.45-b08) for windows-amd64 JRE (1.7.0_45-b18), built on Oct  8 2013 05:47:22 by "java_re" with unknown MS VC++:1600

time: Tue Nov 12 18:54:52 2013
elapsed time: 0 seconds

